<?xml version="1.0" encoding="UTF-8"?>
<testsuite name="com.olestourko.sdbudget.core.services.MonthServicesTest" tests="3" skipped="0" failures="0" errors="0" timestamp="2017-07-01T13:27:52" hostname="oles-Studio-XPS-435MT" time="0.031">
  <properties/>
  <testcase name="testCalculateMonthTotals" classname="com.olestourko.sdbudget.core.services.MonthServicesTest" time="0.01"/>
  <testcase name="testRecalculateMonths" classname="com.olestourko.sdbudget.core.services.MonthServicesTest" time="0.02"/>
  <testcase name="testCalculateMonthTotals_Closed" classname="com.olestourko.sdbudget.core.services.MonthServicesTest" time="0.0"/>
  <system-out><![CDATA[calculateTotals: closed month
calculateTotals: closed month
]]></system-out>
  <system-err><![CDATA[]]></system-err>
</testsuite>
