<?xml version="1.0" encoding="UTF-8"?>
<testsuite name="com.olestourko.sdbudget.core.repositories.MonthRepositoryTest" tests="5" skipped="0" failures="0" errors="0" timestamp="2017-07-01T13:27:52" hostname="oles-Studio-XPS-435MT" time="0.006">
  <properties/>
  <testcase name="testPutMonth" classname="com.olestourko.sdbudget.core.repositories.MonthRepositoryTest" time="0.001"/>
  <testcase name="testGetFirst" classname="com.olestourko.sdbudget.core.repositories.MonthRepositoryTest" time="0.002"/>
  <testcase name="testGetMonth" classname="com.olestourko.sdbudget.core.repositories.MonthRepositoryTest" time="0.0"/>
  <testcase name="testGetNext" classname="com.olestourko.sdbudget.core.repositories.MonthRepositoryTest" time="0.001"/>
  <testcase name="testGetPrevious" classname="com.olestourko.sdbudget.core.repositories.MonthRepositoryTest" time="0.002"/>
  <system-out><![CDATA[]]></system-out>
  <system-err><![CDATA[]]></system-err>
</testsuite>
