<?xml version="1.0" encoding="UTF-8"?>
<testsuite name="com.olestourko.sdbudget.core.services.MonthCopyServiceTest" tests="2" skipped="0" failures="0" errors="0" timestamp="2017-07-01T13:27:52" hostname="oles-Studio-XPS-435MT" time="0.001">
  <properties/>
  <testcase name="testCloneBudgetItem" classname="com.olestourko.sdbudget.core.services.MonthCopyServiceTest" time="0.001"/>
  <testcase name="testCloneMonth" classname="com.olestourko.sdbudget.core.services.MonthCopyServiceTest" time="0.0"/>
  <system-out><![CDATA[]]></system-out>
  <system-err><![CDATA[]]></system-err>
</testsuite>
