<?xml version="1.0" encoding="UTF-8"?>
<testsuite name="com.olestourko.sdbudget.core.services.PeriodServicesTest" tests="6" skipped="0" failures="0" errors="0" timestamp="2017-07-01T13:27:52" hostname="oles-Studio-XPS-435MT" time="0.011">
  <properties/>
  <testcase name="testEstimate_CarriedSurplus" classname="com.olestourko.sdbudget.core.services.PeriodServicesTest" time="0.006"/>
  <testcase name="testCalculateEstimate" classname="com.olestourko.sdbudget.core.services.PeriodServicesTest" time="0.0"/>
  <testcase name="testEstimate_InvestmentOutflows" classname="com.olestourko.sdbudget.core.services.PeriodServicesTest" time="0.0"/>
  <testcase name="testEstimate_DebtRepayments" classname="com.olestourko.sdbudget.core.services.PeriodServicesTest" time="0.001"/>
  <testcase name="testClosing_CarriedSurplus" classname="com.olestourko.sdbudget.core.services.PeriodServicesTest" time="0.001"/>
  <testcase name="testCalculateClosing" classname="com.olestourko.sdbudget.core.services.PeriodServicesTest" time="0.0"/>
  <system-out><![CDATA[calculateClosing
calculateEstimate
calculateClosing
calculateClosing
]]></system-out>
  <system-err><![CDATA[]]></system-err>
</testsuite>
